Copyright 1986-2018 Xilinx, Inc. All Rights Reserved.
------------------------------------------------------------------------------------
| Tool Version : Vivado v.2018.2 (win64) Build 2258646 Thu Jun 14 20:03:12 MDT 2018
| Date         : Wed Jun 15 10:55:30 2022
| Host         : LAPTOP-ISQIQK2U running 64-bit major release  (build 9200)
| Command      : upgrade_ip
| Device       : xc7z020clg400-3
------------------------------------------------------------------------------------

Upgrade Log for IP 'design_1_ByteLinkGulfv2_0_1'

1. Summary
----------

SUCCESS in the upgrade of design_1_ByteLinkGulfv2_0_1 (xilinx.com:user:ByteLinkGulfv2:1.0) from (Rev. 5) to (Rev. 6)






Copyright 1986-2018 Xilinx, Inc. All Rights Reserved.
------------------------------------------------------------------------------------
| Tool Version : Vivado v.2018.2 (win64) Build 2258646 Thu Jun 14 20:03:12 MDT 2018
| Date         : Wed Jun 15 10:52:19 2022
| Host         : LAPTOP-ISQIQK2U running 64-bit major release  (build 9200)
| Command      : upgrade_ip
| Device       : xc7z020clg400-3
------------------------------------------------------------------------------------

Upgrade Log for IP 'design_1_ByteLinkGulfv2_0_1'

1. Summary
----------

SUCCESS in the upgrade of design_1_ByteLinkGulfv2_0_1 (xilinx.com:user:ByteLinkGulfv2:1.0) from (Rev. 4) to (Rev. 5)

